Using pre-set license

 COMMAND LINE ARGUMENTS:
/Applications/Unity/2020.2.1f1/Unity.app/Contents/MacOS/Unity
-adb2
-batchMode
-noUpm
-name
AssetImportWorker0
-projectPath
/Users/zhuoyuelyu/Documents/VAE-web
-logFile
Logs/AssetImportWorker0.log
-srvPort
63927
Successfully changed project path to: /Users/zhuoyuelyu/Documents/VAE-web
/Users/zhuoyuelyu/Documents/VAE-web
Using Asset Import Pipeline V2.
Refreshing native plugins compatible for Editor in 70.98 ms, found 1 plugins.
Preloading 0 native plugins for Editor in 0.00 ms.
Initialize engine version: 2020.2.1f1 (270dd8c3da1c)
[Subsystems] Discovering subsystems at path /Applications/Unity/2020.2.1f1/Unity.app/Contents/Resources/UnitySubsystems
[Subsystems] Discovering subsystems at path /Users/zhuoyuelyu/Documents/VAE-web/Assets
GfxDevice: creating device client; threaded=0
2021-08-20 17:33:33.810 Unity[21749:1113209] Color LCD preferred device: Intel Iris Graphics (low power)
2021-08-20 17:33:33.810 Unity[21749:1113209] Metal devices available: 1
2021-08-20 17:33:33.810 Unity[21749:1113209] 0: Intel Iris Graphics (low power)
2021-08-20 17:33:33.812 Unity[21749:1113209] Using device Intel Iris Graphics (low power)
Initializing Metal device caps: Intel Iris Graphics
Initialize mono
Mono path[0] = '/Applications/Unity/2020.2.1f1/Unity.app/Contents/Managed'
Mono path[1] = '/Applications/Unity/2020.2.1f1/Unity.app/Contents/MonoBleedingEdge/lib/mono/unityjit'
Mono config path = '/Applications/Unity/2020.2.1f1/Unity.app/Contents/MonoBleedingEdge/etc'
Using monoOptions --debugger-agent=transport=dt_socket,embedding=1,server=y,suspend=n,address=127.0.0.1:56749
Begin MonoManager ReloadAssembly
Registering precompiled unity dll's ...
Register platform support module: /Applications/Unity/2020.2.1f1/PlaybackEngines/WebGLSupport/UnityEditor.WebGL.Extensions.dll
Register platform support module: /Applications/Unity/2020.2.1f1/Unity.app/Contents/PlaybackEngines/MacStandaloneSupport/UnityEditor.OSXStandalone.Extensions.dll
Registered in 0.003488 seconds.
Native extension for OSXStandalone target not found
Native extension for WebGL target not found
Refreshing native plugins compatible for Editor in 60.71 ms, found 1 plugins.
Preloading 0 native plugins for Editor in 0.00 ms.
Invoked RoslynAnalysisRunner static constructor.
RoslynAnalysisRunner will not be running.
RoslynAnalysisRunner has terminated.
Mono: successfully reloaded assembly
- Completed reload, in  3.168 seconds
Platform modules already initialized, skipping
Registering precompiled user dll's ...
Registered in 0.002411 seconds.
Begin MonoManager ReloadAssembly
Native extension for OSXStandalone target not found
Native extension for WebGL target not found
Refreshing native plugins compatible for Editor in 0.46 ms, found 1 plugins.
Preloading 0 native plugins for Editor in 0.00 ms.
Invoked RoslynAnalysisRunner static constructor.
RoslynAnalysisRunner will not be running.
RoslynAnalysisRunner has terminated.
Mono: successfully reloaded assembly
- Completed reload, in  6.114 seconds
Platform modules already initialized, skipping
========================================================================
Worker process is ready to serve import requests
Launching external process: /Applications/Unity/2020.2.1f1/Unity.app/Contents/Tools/UnityShaderCompiler
Launched and connected shader compiler UnityShaderCompiler after 0.03 seconds
Refreshing native plugins compatible for Editor in 0.28 ms, found 1 plugins.
Preloading 0 native plugins for Editor in 0.00 ms.
Unloading 1123 Unused Serialized files (Serialized files now loaded: 0)
System memory in use before: 129.9 MB.
System memory in use after: 130.0 MB.

Unloading 10 unused Assets to reduce memory usage. Loaded Objects now: 1588.
Total: 2.430292 ms (FindLiveObjects: 0.242304 ms CreateObjectMapping: 0.051200 ms MarkObjects: 2.049115 ms  DeleteObjects: 0.084034 ms)

========================================================================
Received Import Request.
  path: Assets/Scripts/CustomGrab.cs
  artifactKey: Guid(9e6bbd21b73494331a0373dff33b19c4) Importer(815301076,1909f56bfc062723c751e8b465ee728b)
Start importing Assets/Scripts/CustomGrab.cs using Guid(9e6bbd21b73494331a0373dff33b19c4) Importer(815301076,1909f56bfc062723c751e8b465ee728b)  -> (artifact id: '240d6c21d9d37dc0cbd27eaa4b8bf652') in 0.518420 seconds
  Import took 0.522079 seconds .

========================================================================
Received Import Request.
  Time since last request: 0.000382 seconds.
  path: Assets/Scripts/ShowObjects.cs
  artifactKey: Guid(8a3376bbfb55d48f2a40299a49fc56ab) Importer(815301076,1909f56bfc062723c751e8b465ee728b)
Start importing Assets/Scripts/ShowObjects.cs using Guid(8a3376bbfb55d48f2a40299a49fc56ab) Importer(815301076,1909f56bfc062723c751e8b465ee728b)  -> (artifact id: 'da35eed25cbd4e004199c9d30a0a15a2') in 0.002106 seconds
  Import took 0.005465 seconds .

========================================================================
Received Import Request.
  Time since last request: 0.000317 seconds.
  path: Assets/Scripts/Rotate.cs
  artifactKey: Guid(d54c897f3a21040a9be4c8d44cef541d) Importer(815301076,1909f56bfc062723c751e8b465ee728b)
Start importing Assets/Scripts/Rotate.cs using Guid(d54c897f3a21040a9be4c8d44cef541d) Importer(815301076,1909f56bfc062723c751e8b465ee728b)  -> (artifact id: '421d929433ff978f02f836ed4208c8f9') in 0.001910 seconds
  Import took 0.005163 seconds .

========================================================================
Received Import Request.
  Time since last request: 0.000304 seconds.
  path: Assets/Scripts/Legacy.cs
  artifactKey: Guid(e22e3006959004b1cb533b7a6d670f13) Importer(815301076,1909f56bfc062723c751e8b465ee728b)
Start importing Assets/Scripts/Legacy.cs using Guid(e22e3006959004b1cb533b7a6d670f13) Importer(815301076,1909f56bfc062723c751e8b465ee728b)  -> (artifact id: '44f8863adf7c6d1a6a89c35d2397ef54') in 0.002063 seconds
  Import took 0.005052 seconds .

========================================================================
Received Import Request.
  Time since last request: 0.000269 seconds.
  path: Assets/Scripts/SwitchGame.cs
  artifactKey: Guid(902d8af86d44946e0aaeb5ad8db0ea85) Importer(815301076,1909f56bfc062723c751e8b465ee728b)
Start importing Assets/Scripts/SwitchGame.cs using Guid(902d8af86d44946e0aaeb5ad8db0ea85) Importer(815301076,1909f56bfc062723c751e8b465ee728b)  -> (artifact id: '24303aef014435dc5dca280227e704f6') in 0.002008 seconds
  Import took 0.004214 seconds .

========================================================================
Received Import Request.
  Time since last request: 58.100848 seconds.
  path: Assets/Scripts/testNew.cs
  artifactKey: Guid(fc206a319c8d44015a7a074e0ac88cf5) Importer(815301076,1909f56bfc062723c751e8b465ee728b)
Start importing Assets/Scripts/testNew.cs using Guid(fc206a319c8d44015a7a074e0ac88cf5) Importer(815301076,1909f56bfc062723c751e8b465ee728b)  -> (artifact id: '594ffd0a19ab02a964c716924a0edbfd') in 0.006830 seconds
  Import took 0.024332 seconds .

========================================================================
Received Import Request.
  Time since last request: 0.011140 seconds.
  path: Assets/Scripts/testNew.cs
  artifactKey: Guid(fc206a319c8d44015a7a074e0ac88cf5) Importer(815301076,1909f56bfc062723c751e8b465ee728b)
Start importing Assets/Scripts/testNew.cs using Guid(fc206a319c8d44015a7a074e0ac88cf5) Importer(815301076,1909f56bfc062723c751e8b465ee728b)  -> (artifact id: '594ffd0a19ab02a964c716924a0edbfd') in 0.010046 seconds
  Import took 0.021590 seconds .

========================================================================
Received Prepare
Registering precompiled user dll's ...
Registered in 0.001066 seconds.
Begin MonoManager ReloadAssembly
Native extension for OSXStandalone target not found
Native extension for WebGL target not found
Refreshing native plugins compatible for Editor in 0.26 ms, found 1 plugins.
Preloading 0 native plugins for Editor in 0.00 ms.
Invoked RoslynAnalysisRunner static constructor.
RoslynAnalysisRunner will not be running.
RoslynAnalysisRunner has terminated.
Mono: successfully reloaded assembly
- Completed reload, in  2.206 seconds
Platform modules already initialized, skipping
Refreshing native plugins compatible for Editor in 0.27 ms, found 1 plugins.
Preloading 0 native plugins for Editor in 0.00 ms.
Unloading 1110 Unused Serialized files (Serialized files now loaded: 0)
System memory in use before: 134.5 MB.
System memory in use after: 134.6 MB.

Unloading 5 unused Assets to reduce memory usage. Loaded Objects now: 1590.
Total: 2.431041 ms (FindLiveObjects: 0.350267 ms CreateObjectMapping: 0.096236 ms MarkObjects: 1.946174 ms  DeleteObjects: 0.036670 ms)

========================================================================
Received Prepare
Registering precompiled user dll's ...
Registered in 0.001742 seconds.
Begin MonoManager ReloadAssembly
Native extension for OSXStandalone target not found
Native extension for WebGL target not found
Refreshing native plugins compatible for Editor in 0.39 ms, found 1 plugins.
Preloading 0 native plugins for Editor in 0.00 ms.
Invoked RoslynAnalysisRunner static constructor.
RoslynAnalysisRunner will not be running.
RoslynAnalysisRunner has terminated.
Mono: successfully reloaded assembly
- Completed reload, in  1.977 seconds
Platform modules already initialized, skipping
Refreshing native plugins compatible for Editor in 0.75 ms, found 1 plugins.
Preloading 0 native plugins for Editor in 0.00 ms.
Unloading 1110 Unused Serialized files (Serialized files now loaded: 0)
System memory in use before: 135.7 MB.
System memory in use after: 135.8 MB.

Unloading 5 unused Assets to reduce memory usage. Loaded Objects now: 1592.
Total: 3.894591 ms (FindLiveObjects: 0.306732 ms CreateObjectMapping: 0.081553 ms MarkObjects: 3.480263 ms  DeleteObjects: 0.021670 ms)

